Start testing: Mar 23 18:27 CET
----------------------------------------------------------
1/1 Testing: helloworld-runner
1/1 Test: helloworld-runner
Command: "/home/fredrik/mytest/build/helloworld-runner"
Directory: /home/fredrik/mytest/build
"helloworld-runner" start time: Mar 23 18:27 CET
Output:
----------------------------------------------------------
===============================================================================
All tests passed (4 assertions in 4 test cases)

<end of output>
Test time =   0.01 sec
----------------------------------------------------------
Test Passed.
"helloworld-runner" end time: Mar 23 18:27 CET
"helloworld-runner" time elapsed: 00:00:00
----------------------------------------------------------

End testing: Mar 23 18:27 CET
